\BOOKMARK [1][-]{section.1}{System Overview}{}% 1
\BOOKMARK [2][-]{subsection.1.1}{Hardware}{section.1}% 2
\BOOKMARK [2][-]{subsection.1.2}{Open vs. Closed Loop Operation}{section.1}% 3
\BOOKMARK [1][-]{section.2}{GUI}{}% 4
\BOOKMARK [2][-]{subsection.2.1}{Basic Operation}{section.2}% 5
\BOOKMARK [2][-]{subsection.2.2}{Advanced Operation}{section.2}% 6
\BOOKMARK [3][-]{subsubsection.2.2.1}{Motor Disabled \(0\)}{subsection.2.2}% 7
\BOOKMARK [3][-]{subsubsection.2.2.2}{Manual \(1\)}{subsection.2.2}% 8
\BOOKMARK [3][-]{subsubsection.2.2.3}{External \(2\)}{subsection.2.2}% 9
\BOOKMARK [3][-]{subsubsection.2.2.4}{Triggered Goto \(3\)}{subsection.2.2}% 10
\BOOKMARK [3][-]{subsubsection.2.2.5}{Timed Goto \(4\)}{subsection.2.2}% 11
\BOOKMARK [3][-]{subsubsection.2.2.6}{Triggered Move \(5\)}{subsection.2.2}% 12
\BOOKMARK [3][-]{subsubsection.2.2.7}{Timed Move \(6\)}{subsection.2.2}% 13
\BOOKMARK [3][-]{subsubsection.2.2.8}{State-Based Rotation \(7\)}{subsection.2.2}% 14
\BOOKMARK [3][-]{subsubsection.2.2.9}{Triggered Shutter \(8\)}{subsection.2.2}% 15
\BOOKMARK [3][-]{subsubsection.2.2.10}{State Shutter \(9\)}{subsection.2.2}% 16
\BOOKMARK [1][-]{section.3}{Serial Communication}{}% 17
\BOOKMARK [2][-]{subsection.3.1}{Available Commands}{section.3}% 18
\BOOKMARK [3][-]{subsubsection.3.1.1}{report}{subsection.3.1}% 19
\BOOKMARK [3][-]{subsubsection.3.1.2}{default}{subsection.3.1}% 20
\BOOKMARK [3][-]{subsubsection.3.1.3}{save}{subsection.3.1}% 21
\BOOKMARK [3][-]{subsubsection.3.1.4}{home}{subsection.3.1}% 22
\BOOKMARK [3][-]{subsubsection.3.1.5}{reboot}{subsection.3.1}% 23
\BOOKMARK [3][-]{subsubsection.3.1.6}{move}{subsection.3.1}% 24
\BOOKMARK [3][-]{subsubsection.3.1.7}{goto}{subsection.3.1}% 25
\BOOKMARK [3][-]{subsubsection.3.1.8}{max}{subsection.3.1}% 26
\BOOKMARK [3][-]{subsubsection.3.1.9}{min}{subsection.3.1}% 27
\BOOKMARK [3][-]{subsubsection.3.1.10}{delay}{subsection.3.1}% 28
\BOOKMARK [3][-]{subsubsection.3.1.11}{feedback}{subsection.3.1}% 29
\BOOKMARK [3][-]{subsubsection.3.1.12}{mode}{subsection.3.1}% 30
\BOOKMARK [3][-]{subsubsection.3.1.13}{steps}{subsection.3.1}% 31
\BOOKMARK [3][-]{subsubsection.3.1.14}{triggers}{subsection.3.1}% 32
\BOOKMARK [3][-]{subsubsection.3.1.15}{goal}{subsection.3.1}% 33
\BOOKMARK [3][-]{subsubsection.3.1.16}{hours}{subsection.3.1}% 34
\BOOKMARK [3][-]{subsubsection.3.1.17}{minutes}{subsection.3.1}% 35
\BOOKMARK [3][-]{subsubsection.3.1.18}{seconds}{subsection.3.1}% 36
\BOOKMARK [3][-]{subsubsection.3.1.19}{dohours}{subsection.3.1}% 37
\BOOKMARK [3][-]{subsubsection.3.1.20}{dominutes}{subsection.3.1}% 38
\BOOKMARK [3][-]{subsubsection.3.1.21}{doseconds}{subsection.3.1}% 39
\BOOKMARK [3][-]{subsubsection.3.1.22}{repeat}{subsection.3.1}% 40
\BOOKMARK [3][-]{subsubsection.3.1.23}{rotate}{subsection.3.1}% 41
\BOOKMARK [3][-]{subsubsection.3.1.24}{behave}{subsection.3.1}% 42
\BOOKMARK [2][-]{subsection.3.2}{Configuring Predefined Operation Modes via USB}{section.3}% 43
\BOOKMARK [3][-]{subsubsection.3.2.1}{Configuring ``Off'' Mode}{subsection.3.2}% 44
\BOOKMARK [3][-]{subsubsection.3.2.2}{Configuring ``Manual'' Mode}{subsection.3.2}% 45
\BOOKMARK [3][-]{subsubsection.3.2.3}{Configuring ``External'' Mode}{subsection.3.2}% 46
\BOOKMARK [3][-]{subsubsection.3.2.4}{Configuring ``Triggered Goto'' Mode}{subsection.3.2}% 47
\BOOKMARK [3][-]{subsubsection.3.2.5}{Configuring ``Timed Goto'' Mode}{subsection.3.2}% 48
\BOOKMARK [3][-]{subsubsection.3.2.6}{Configuring ``Triggered Move'' Mode}{subsection.3.2}% 49
\BOOKMARK [3][-]{subsubsection.3.2.7}{Configuring ``Timed Move'' Mode}{subsection.3.2}% 50
\BOOKMARK [3][-]{subsubsection.3.2.8}{Configuring ``State Rotate'' Mode}{subsection.3.2}% 51
\BOOKMARK [3][-]{subsubsection.3.2.9}{Configuring ``Triggered Shutter'' Mode}{subsection.3.2}% 52
\BOOKMARK [3][-]{subsubsection.3.2.10}{Configuring ``State Shutter'' Mode}{subsection.3.2}% 53
\BOOKMARK [1][-]{section.4}{Prototype Builds}{}% 54
\BOOKMARK [1][-]{section.5}{Circuit Schematics}{}% 55
