This is pdfTeX, Version 3.1415926-2.5-1.40.14 (MiKTeX 2.9) (preloaded format=pdflatex 2015.1.20)  11 FEB 2015 16:07
entering extended mode
**documentation.tex

("C:\Users\nfitch\Google Drive\Electronics\Projects\CCM_0001_Unipolar_Stepper_M
otor_Controller\RevA\documentation\documentation.tex"
LaTeX2e <2014/05/01>
Babel <3.9l> and hyphenation patterns for 68 languages loaded.
("C:\Program Files (x86)\MiKTeX 2.9\tex\latex\base\article.cls"
Document Class: article 2014/09/29 v1.4h Standard LaTeX document class
("C:\Program Files (x86)\MiKTeX 2.9\tex\latex\base\size10.clo"
File: size10.clo 2014/09/29 v1.4h Standard LaTeX file (size option)
)
\c@part=\count79
\c@section=\count80
\c@subsection=\count81
\c@subsubsection=\count82
\c@paragraph=\count83
\c@subparagraph=\count84
\c@figure=\count85
\c@table=\count86
\abovecaptionskip=\skip41
\belowcaptionskip=\skip42
\bibindent=\dimen102
)
("C:\Program Files (x86)\MiKTeX 2.9\tex\latex\amsmath\amsmath.sty"
Package: amsmath 2013/01/14 v2.14 AMS math features
\@mathmargin=\skip43

For additional information on amsmath, use the `?' option.
("C:\Program Files (x86)\MiKTeX 2.9\tex\latex\amsmath\amstext.sty"
Package: amstext 2000/06/29 v2.01

("C:\Program Files (x86)\MiKTeX 2.9\tex\latex\amsmath\amsgen.sty"
File: amsgen.sty 1999/11/30 v2.0
\@emptytoks=\toks14
\ex@=\dimen103
))
("C:\Program Files (x86)\MiKTeX 2.9\tex\latex\amsmath\amsbsy.sty"
Package: amsbsy 1999/11/29 v1.2d
\pmbraise@=\dimen104
)
("C:\Program Files (x86)\MiKTeX 2.9\tex\latex\amsmath\amsopn.sty"
Package: amsopn 1999/12/14 v2.01 operator names
)
\inf@bad=\count87
LaTeX Info: Redefining \frac on input line 210.
\uproot@=\count88
\leftroot@=\count89
LaTeX Info: Redefining \overline on input line 306.
\classnum@=\count90
\DOTSCASE@=\count91
LaTeX Info: Redefining \ldots on input line 378.
LaTeX Info: Redefining \dots on input line 381.
LaTeX Info: Redefining \cdots on input line 466.
\Mathstrutbox@=\box26
\strutbox@=\box27
\big@size=\dimen105
LaTeX Font Info:    Redeclaring font encoding OML on input line 566.
LaTeX Font Info:    Redeclaring font encoding OMS on input line 567.
\macc@depth=\count92
\c@MaxMatrixCols=\count93
\dotsspace@=\muskip10
\c@parentequation=\count94
\dspbrk@lvl=\count95
\tag@help=\toks15
\row@=\count96
\column@=\count97
\maxfields@=\count98
\andhelp@=\toks16
\eqnshift@=\dimen106
\alignsep@=\dimen107
\tagshift@=\dimen108
\tagwidth@=\dimen109
\totwidth@=\dimen110
\lineht@=\dimen111
\@envbody=\toks17
\multlinegap=\skip44
\multlinetaggap=\skip45
\mathdisplay@stack=\toks18
LaTeX Info: Redefining \[ on input line 2665.
LaTeX Info: Redefining \] on input line 2666.
)
("C:\Program Files (x86)\MiKTeX 2.9\tex\latex\graphics\graphicx.sty"
Package: graphicx 2014/10/28 v1.0g Enhanced LaTeX Graphics (DPC,SPQR)

("C:\Program Files (x86)\MiKTeX 2.9\tex\latex\graphics\keyval.sty"
Package: keyval 2014/10/28 v1.15 key=value parser (DPC)
\KV@toks@=\toks19
)
("C:\Program Files (x86)\MiKTeX 2.9\tex\latex\graphics\graphics.sty"
Package: graphics 2014/10/28 v1.0p Standard LaTeX Graphics (DPC,SPQR)

("C:\Program Files (x86)\MiKTeX 2.9\tex\latex\graphics\trig.sty"
Package: trig 1999/03/16 v1.09 sin cos tan (DPC)
)
("C:\Program Files (x86)\MiKTeX 2.9\tex\latex\00miktex\graphics.cfg"
File: graphics.cfg 2007/01/18 v1.5 graphics configuration of teTeX/TeXLive
)
Package graphics Info: Driver file: pdftex.def on input line 91.

("C:\Program Files (x86)\MiKTeX 2.9\tex\latex\pdftex-def\pdftex.def"
File: pdftex.def 2011/05/27 v0.06d Graphics/color for pdfTeX

("C:\Program Files (x86)\MiKTeX 2.9\tex\generic\oberdiek\infwarerr.sty"
Package: infwarerr 2010/04/08 v1.3 Providing info/warning/error messages (HO)
)
("C:\Program Files (x86)\MiKTeX 2.9\tex\generic\oberdiek\ltxcmds.sty"
Package: ltxcmds 2011/11/09 v1.22 LaTeX kernel commands for general use (HO)
)
\Gread@gobject=\count99
))
\Gin@req@height=\dimen112
\Gin@req@width=\dimen113
)
("C:\Program Files (x86)\MiKTeX 2.9\tex\latex\xcolor\xcolor.sty"
Package: xcolor 2007/01/21 v2.11 LaTeX color extensions (UK)

("C:\Program Files (x86)\MiKTeX 2.9\tex\latex\00miktex\color.cfg"
File: color.cfg 2007/01/18 v1.5 color configuration of teTeX/TeXLive
)
Package xcolor Info: Driver file: pdftex.def on input line 225.
Package xcolor Info: Model `cmy' substituted by `cmy0' on input line 1337.
Package xcolor Info: Model `hsb' substituted by `rgb' on input line 1341.
Package xcolor Info: Model `RGB' extended on input line 1353.
Package xcolor Info: Model `HTML' substituted by `rgb' on input line 1355.
Package xcolor Info: Model `Hsb' substituted by `hsb' on input line 1356.
Package xcolor Info: Model `tHsb' substituted by `hsb' on input line 1357.
Package xcolor Info: Model `HSB' substituted by `hsb' on input line 1358.
Package xcolor Info: Model `Gray' substituted by `gray' on input line 1359.
Package xcolor Info: Model `wave' substituted by `hsb' on input line 1360.
)
("C:\Program Files (x86)\MiKTeX 2.9\tex\latex\pgf\frontendlayer\tikz.sty"
("C:\Program Files (x86)\MiKTeX 2.9\tex\latex\pgf\basiclayer\pgf.sty"
("C:\Program Files (x86)\MiKTeX 2.9\tex\latex\pgf\utilities\pgfrcs.sty"
("C:\Program Files (x86)\MiKTeX 2.9\tex\generic\pgf\utilities\pgfutil-common.te
x"
\pgfutil@everybye=\toks20
\pgfutil@tempdima=\dimen114
\pgfutil@tempdimb=\dimen115

("C:\Program Files (x86)\MiKTeX 2.9\tex\generic\pgf\utilities\pgfutil-common-li
sts.tex"))
("C:\Program Files (x86)\MiKTeX 2.9\tex\generic\pgf\utilities\pgfutil-latex.def
"
\pgfutil@abb=\box28
 ("C:\Program Files (x86)\MiKTeX 2.9\tex\latex\ms\everyshi.sty"
Package: everyshi 2001/05/15 v3.00 EveryShipout Package (MS)
))
("C:\Program Files (x86)\MiKTeX 2.9\tex\generic\pgf\utilities\pgfrcs.code.tex"
Package: pgfrcs 2013/12/20 v3.0.0 (rcs-revision 1.28)
))
Package: pgf 2013/12/18 v3.0.0 (rcs-revision 1.14)
 ("C:\Program Files (x86)\MiKTeX 2.9\tex\latex\pgf\basiclayer\pgfcore.sty"
("C:\Program Files (x86)\MiKTeX 2.9\tex\latex\pgf\systemlayer\pgfsys.sty"
("C:\Program Files (x86)\MiKTeX 2.9\tex\generic\pgf\systemlayer\pgfsys.code.tex
"
Package: pgfsys 2013/11/30 v3.0.0 (rcs-revision 1.47)
 ("C:\Program Files (x86)\MiKTeX 2.9\tex\generic\pgf\utilities\pgfkeys.code.tex
"
\pgfkeys@pathtoks=\toks21
\pgfkeys@temptoks=\toks22

("C:\Program Files (x86)\MiKTeX 2.9\tex\generic\pgf\utilities\pgfkeysfiltered.c
ode.tex"
\pgfkeys@tmptoks=\toks23
))
\pgf@x=\dimen116
\pgf@y=\dimen117
\pgf@xa=\dimen118
\pgf@ya=\dimen119
\pgf@xb=\dimen120
\pgf@yb=\dimen121
\pgf@xc=\dimen122
\pgf@yc=\dimen123
\w@pgf@writea=\write3
\r@pgf@reada=\read1
\c@pgf@counta=\count100
\c@pgf@countb=\count101
\c@pgf@countc=\count102
\c@pgf@countd=\count103
\t@pgf@toka=\toks24
\t@pgf@tokb=\toks25
\t@pgf@tokc=\toks26

("C:\Program Files (x86)\MiKTeX 2.9\tex\generic\pgf\systemlayer\pgf.cfg"
File: pgf.cfg 2008/05/14  (rcs-revision 1.7)
)
Driver file for pgf: pgfsys-pdftex.def

("C:\Program Files (x86)\MiKTeX 2.9\tex\generic\pgf\systemlayer\pgfsys-pdftex.d
ef"
File: pgfsys-pdftex.def 2013/07/18  (rcs-revision 1.33)

("C:\Program Files (x86)\MiKTeX 2.9\tex\generic\pgf\systemlayer\pgfsys-common-p
df.def"
File: pgfsys-common-pdf.def 2013/10/10  (rcs-revision 1.13)
)))
("C:\Program Files (x86)\MiKTeX 2.9\tex\generic\pgf\systemlayer\pgfsyssoftpath.
code.tex"
File: pgfsyssoftpath.code.tex 2013/09/09  (rcs-revision 1.9)
\pgfsyssoftpath@smallbuffer@items=\count104
\pgfsyssoftpath@bigbuffer@items=\count105
)
("C:\Program Files (x86)\MiKTeX 2.9\tex\generic\pgf\systemlayer\pgfsysprotocol.
code.tex"
File: pgfsysprotocol.code.tex 2006/10/16  (rcs-revision 1.4)
))
("C:\Program Files (x86)\MiKTeX 2.9\tex\generic\pgf\basiclayer\pgfcore.code.tex
"
Package: pgfcore 2010/04/11 v3.0.0 (rcs-revision 1.7)
 ("C:\Program Files (x86)\MiKTeX 2.9\tex\generic\pgf\math\pgfmath.code.tex"
("C:\Program Files (x86)\MiKTeX 2.9\tex\generic\pgf\math\pgfmathcalc.code.tex"
("C:\Program Files (x86)\MiKTeX 2.9\tex\generic\pgf\math\pgfmathutil.code.tex")
("C:\Program Files (x86)\MiKTeX 2.9\tex\generic\pgf\math\pgfmathparser.code.tex
"
\pgfmath@dimen=\dimen124
\pgfmath@count=\count106
\pgfmath@box=\box29
\pgfmath@toks=\toks27
\pgfmath@stack@operand=\toks28
\pgfmath@stack@operation=\toks29
)
("C:\Program Files (x86)\MiKTeX 2.9\tex\generic\pgf\math\pgfmathfunctions.code.
tex"
("C:\Program Files (x86)\MiKTeX 2.9\tex\generic\pgf\math\pgfmathfunctions.basic
.code.tex")
("C:\Program Files (x86)\MiKTeX 2.9\tex\generic\pgf\math\pgfmathfunctions.trigo
nometric.code.tex")
("C:\Program Files (x86)\MiKTeX 2.9\tex\generic\pgf\math\pgfmathfunctions.rando
m.code.tex")
("C:\Program Files (x86)\MiKTeX 2.9\tex\generic\pgf\math\pgfmathfunctions.compa
rison.code.tex")
("C:\Program Files (x86)\MiKTeX 2.9\tex\generic\pgf\math\pgfmathfunctions.base.
code.tex")
("C:\Program Files (x86)\MiKTeX 2.9\tex\generic\pgf\math\pgfmathfunctions.round
.code.tex")
("C:\Program Files (x86)\MiKTeX 2.9\tex\generic\pgf\math\pgfmathfunctions.misc.
code.tex")
("C:\Program Files (x86)\MiKTeX 2.9\tex\generic\pgf\math\pgfmathfunctions.integ
erarithmetics.code.tex")))
("C:\Program Files (x86)\MiKTeX 2.9\tex\generic\pgf\math\pgfmathfloat.code.tex"
\c@pgfmathroundto@lastzeros=\count107
))
("C:\Program Files (x86)\MiKTeX 2.9\tex\generic\pgf\basiclayer\pgfcorepoints.co
de.tex"
File: pgfcorepoints.code.tex 2013/10/07  (rcs-revision 1.27)
\pgf@picminx=\dimen125
\pgf@picmaxx=\dimen126
\pgf@picminy=\dimen127
\pgf@picmaxy=\dimen128
\pgf@pathminx=\dimen129
\pgf@pathmaxx=\dimen130
\pgf@pathminy=\dimen131
\pgf@pathmaxy=\dimen132
\pgf@xx=\dimen133
\pgf@xy=\dimen134
\pgf@yx=\dimen135
\pgf@yy=\dimen136
\pgf@zx=\dimen137
\pgf@zy=\dimen138
)
("C:\Program Files (x86)\MiKTeX 2.9\tex\generic\pgf\basiclayer\pgfcorepathconst
ruct.code.tex"
File: pgfcorepathconstruct.code.tex 2013/10/07  (rcs-revision 1.29)
\pgf@path@lastx=\dimen139
\pgf@path@lasty=\dimen140
)
("C:\Program Files (x86)\MiKTeX 2.9\tex\generic\pgf\basiclayer\pgfcorepathusage
.code.tex"
File: pgfcorepathusage.code.tex 2013/12/13  (rcs-revision 1.23)
\pgf@shorten@end@additional=\dimen141
\pgf@shorten@start@additional=\dimen142
)
("C:\Program Files (x86)\MiKTeX 2.9\tex\generic\pgf\basiclayer\pgfcorescopes.co
de.tex"
File: pgfcorescopes.code.tex 2013/10/09  (rcs-revision 1.44)
\pgfpic=\box30
\pgf@hbox=\box31
\pgf@layerbox@main=\box32
\pgf@picture@serial@count=\count108
)
("C:\Program Files (x86)\MiKTeX 2.9\tex\generic\pgf\basiclayer\pgfcoregraphicst
ate.code.tex"
File: pgfcoregraphicstate.code.tex 2013/09/19  (rcs-revision 1.11)
\pgflinewidth=\dimen143
)
("C:\Program Files (x86)\MiKTeX 2.9\tex\generic\pgf\basiclayer\pgfcoretransform
ations.code.tex"
File: pgfcoretransformations.code.tex 2013/10/10  (rcs-revision 1.17)
\pgf@pt@x=\dimen144
\pgf@pt@y=\dimen145
\pgf@pt@temp=\dimen146
)
("C:\Program Files (x86)\MiKTeX 2.9\tex\generic\pgf\basiclayer\pgfcorequick.cod
e.tex"
File: pgfcorequick.code.tex 2008/10/09  (rcs-revision 1.3)
)
("C:\Program Files (x86)\MiKTeX 2.9\tex\generic\pgf\basiclayer\pgfcoreobjects.c
ode.tex"
File: pgfcoreobjects.code.tex 2006/10/11  (rcs-revision 1.2)
)
("C:\Program Files (x86)\MiKTeX 2.9\tex\generic\pgf\basiclayer\pgfcorepathproce
ssing.code.tex"
File: pgfcorepathprocessing.code.tex 2013/09/09  (rcs-revision 1.9)
)
("C:\Program Files (x86)\MiKTeX 2.9\tex\generic\pgf\basiclayer\pgfcorearrows.co
de.tex"
File: pgfcorearrows.code.tex 2013/11/07  (rcs-revision 1.40)
\pgfarrowsep=\dimen147
)
("C:\Program Files (x86)\MiKTeX 2.9\tex\generic\pgf\basiclayer\pgfcoreshade.cod
e.tex"
File: pgfcoreshade.code.tex 2013/07/15  (rcs-revision 1.15)
\pgf@max=\dimen148
\pgf@sys@shading@range@num=\count109
)
("C:\Program Files (x86)\MiKTeX 2.9\tex\generic\pgf\basiclayer\pgfcoreimage.cod
e.tex"
File: pgfcoreimage.code.tex 2013/07/15  (rcs-revision 1.18)

("C:\Program Files (x86)\MiKTeX 2.9\tex\generic\pgf\basiclayer\pgfcoreexternal.
code.tex"
File: pgfcoreexternal.code.tex 2013/07/15  (rcs-revision 1.20)
\pgfexternal@startupbox=\box33
))
("C:\Program Files (x86)\MiKTeX 2.9\tex\generic\pgf\basiclayer\pgfcorelayers.co
de.tex"
File: pgfcorelayers.code.tex 2013/07/18  (rcs-revision 1.7)
)
("C:\Program Files (x86)\MiKTeX 2.9\tex\generic\pgf\basiclayer\pgfcoretranspare
ncy.code.tex"
File: pgfcoretransparency.code.tex 2013/09/30  (rcs-revision 1.5)
)
("C:\Program Files (x86)\MiKTeX 2.9\tex\generic\pgf\basiclayer\pgfcorepatterns.
code.tex"
File: pgfcorepatterns.code.tex 2013/11/07  (rcs-revision 1.5)
)))
("C:\Program Files (x86)\MiKTeX 2.9\tex\generic\pgf\modules\pgfmoduleshapes.cod
e.tex"
File: pgfmoduleshapes.code.tex 2013/10/31  (rcs-revision 1.34)
\pgfnodeparttextbox=\box34
)
("C:\Program Files (x86)\MiKTeX 2.9\tex\generic\pgf\modules\pgfmoduleplot.code.
tex"
File: pgfmoduleplot.code.tex 2013/07/31  (rcs-revision 1.12)
)
("C:\Program Files (x86)\MiKTeX 2.9\tex\latex\pgf\compatibility\pgfcomp-version
-0-65.sty"
Package: pgfcomp-version-0-65 2007/07/03 v3.0.0 (rcs-revision 1.7)
\pgf@nodesepstart=\dimen149
\pgf@nodesepend=\dimen150
)
("C:\Program Files (x86)\MiKTeX 2.9\tex\latex\pgf\compatibility\pgfcomp-version
-1-18.sty"
Package: pgfcomp-version-1-18 2007/07/23 v3.0.0 (rcs-revision 1.1)
))
("C:\Program Files (x86)\MiKTeX 2.9\tex\latex\pgf\utilities\pgffor.sty"
("C:\Program Files (x86)\MiKTeX 2.9\tex\latex\pgf\utilities\pgfkeys.sty"
("C:\Program Files (x86)\MiKTeX 2.9\tex\generic\pgf\utilities\pgfkeys.code.tex"
)) ("C:\Program Files (x86)\MiKTeX 2.9\tex\latex\pgf\math\pgfmath.sty"
("C:\Program Files (x86)\MiKTeX 2.9\tex\generic\pgf\math\pgfmath.code.tex"))
("C:\Program Files (x86)\MiKTeX 2.9\tex\generic\pgf\utilities\pgffor.code.tex"
Package: pgffor 2013/12/13 v3.0.0 (rcs-revision 1.25)

("C:\Program Files (x86)\MiKTeX 2.9\tex\generic\pgf\math\pgfmath.code.tex")
\pgffor@iter=\dimen151
\pgffor@skip=\dimen152
\pgffor@stack=\toks30
\pgffor@toks=\toks31
))
("C:\Program Files (x86)\MiKTeX 2.9\tex\generic\pgf\frontendlayer\tikz\tikz.cod
e.tex"
Package: tikz 2013/12/13 v3.0.0 (rcs-revision 1.142)

("C:\Program Files (x86)\MiKTeX 2.9\tex\generic\pgf\libraries\pgflibraryplothan
dlers.code.tex"
File: pgflibraryplothandlers.code.tex 2013/08/31 v3.0.0 (rcs-revision 1.20)
\pgf@plot@mark@count=\count110
\pgfplotmarksize=\dimen153
)
\tikz@lastx=\dimen154
\tikz@lasty=\dimen155
\tikz@lastxsaved=\dimen156
\tikz@lastysaved=\dimen157
\tikzleveldistance=\dimen158
\tikzsiblingdistance=\dimen159
\tikz@figbox=\box35
\tikz@figbox@bg=\box36
\tikz@tempbox=\box37
\tikz@tempbox@bg=\box38
\tikztreelevel=\count111
\tikznumberofchildren=\count112
\tikznumberofcurrentchild=\count113
\tikz@fig@count=\count114

("C:\Program Files (x86)\MiKTeX 2.9\tex\generic\pgf\modules\pgfmodulematrix.cod
e.tex"
File: pgfmodulematrix.code.tex 2013/09/17  (rcs-revision 1.8)
\pgfmatrixcurrentrow=\count115
\pgfmatrixcurrentcolumn=\count116
\pgf@matrix@numberofcolumns=\count117
)
\tikz@expandcount=\count118

("C:\Program Files (x86)\MiKTeX 2.9\tex\generic\pgf\frontendlayer\tikz\librarie
s\tikzlibrarytopaths.code.tex"
File: tikzlibrarytopaths.code.tex 2008/06/17 v3.0.0 (rcs-revision 1.2)
)))
("C:\Program Files (x86)\MiKTeX 2.9\tex\latex\amsfonts\amssymb.sty"
Package: amssymb 2013/01/14 v3.01 AMS font symbols

("C:\Program Files (x86)\MiKTeX 2.9\tex\latex\amsfonts\amsfonts.sty"
Package: amsfonts 2013/01/14 v3.01 Basic AMSFonts support
\symAMSa=\mathgroup4
\symAMSb=\mathgroup5
LaTeX Font Info:    Overwriting math alphabet `\mathfrak' in version `bold'
(Font)                  U/euf/m/n --> U/euf/b/n on input line 106.
))
("C:\Program Files (x86)\MiKTeX 2.9\tex\latex\multirow\multirow.sty"
\bigstrutjot=\dimen160
)
("C:\Program Files (x86)\MiKTeX 2.9\tex\latex\pdfpages\pdfpages.sty"
Package: pdfpages 2013/08/25 v0.4v Insert pages of external PDF documents (AM)

("C:\Program Files (x86)\MiKTeX 2.9\tex\latex\base\ifthen.sty"
Package: ifthen 2014/09/29 v1.1c Standard LaTeX ifthen package (DPC)
)
("C:\Program Files (x86)\MiKTeX 2.9\tex\latex\tools\calc.sty"
Package: calc 2014/10/28 v4.3 Infix arithmetic (KKT,FJ)
\calc@Acount=\count119
\calc@Bcount=\count120
\calc@Adimen=\dimen161
\calc@Bdimen=\dimen162
\calc@Askip=\skip46
\calc@Bskip=\skip47
LaTeX Info: Redefining \setlength on input line 75.
LaTeX Info: Redefining \addtolength on input line 76.
\calc@Ccount=\count121
\calc@Cskip=\skip48
)
("C:\Program Files (x86)\MiKTeX 2.9\tex\latex\eso-pic\eso-pic.sty"
Package: eso-pic 2013/10/06 v2.0d eso-pic (RN)

("C:\Program Files (x86)\MiKTeX 2.9\tex\generic\oberdiek\atbegshi.sty"
Package: atbegshi 2011/10/05 v1.16 At begin shipout hook (HO)

("C:\Program Files (x86)\MiKTeX 2.9\tex\generic\oberdiek\ifpdf.sty"
Package: ifpdf 2011/01/30 v2.3 Provides the ifpdf switch (HO)
Package ifpdf Info: pdfTeX in PDF mode is detected.
)))
("C:\Program Files (x86)\MiKTeX 2.9\tex\latex\pdfpages\pppdftex.def"
File: pppdftex.def 2013/08/25 v0.4v Pdfpages driver for pdfTeX (AM)
)
\AM@pagebox=\box39
\AM@toc@title=\toks32
\c@AM@survey=\count122
\AM@templatesizebox=\box40
)
("C:\Program Files (x86)\MiKTeX 2.9\tex\latex\hyperref\hyperref.sty"
Package: hyperref 2012/11/06 v6.83m Hypertext links for LaTeX

("C:\Program Files (x86)\MiKTeX 2.9\tex\generic\oberdiek\hobsub-hyperref.sty"
Package: hobsub-hyperref 2012/04/25 v1.12 Bundle oberdiek, subset hyperref (HO)


("C:\Program Files (x86)\MiKTeX 2.9\tex\generic\oberdiek\hobsub-generic.sty"
Package: hobsub-generic 2012/04/25 v1.12 Bundle oberdiek, subset generic (HO)
Package: hobsub 2012/04/25 v1.12 Construct package bundles (HO)
Package hobsub Info: Skipping package `infwarerr' (already loaded).
Package hobsub Info: Skipping package `ltxcmds' (already loaded).
Package: ifluatex 2010/03/01 v1.3 Provides the ifluatex switch (HO)
Package ifluatex Info: LuaTeX not detected.
Package: ifvtex 2010/03/01 v1.5 Detect VTeX and its facilities (HO)
Package ifvtex Info: VTeX not detected.
Package: intcalc 2007/09/27 v1.1 Expandable calculations with integers (HO)
Package hobsub Info: Skipping package `ifpdf' (already loaded).
Package: etexcmds 2011/02/16 v1.5 Avoid name clashes with e-TeX commands (HO)
Package etexcmds Info: Could not find \expanded.
(etexcmds)             That can mean that you are not using pdfTeX 1.50 or
(etexcmds)             that some package has redefined \expanded.
(etexcmds)             In the latter case, load this package earlier.
Package: kvsetkeys 2012/04/25 v1.16 Key value parser (HO)
Package: kvdefinekeys 2011/04/07 v1.3 Define keys (HO)
Package: pdftexcmds 2011/11/29 v0.20 Utility functions of pdfTeX for LuaTeX (HO
)
Package pdftexcmds Info: LuaTeX not detected.
Package pdftexcmds Info: \pdf@primitive is available.
Package pdftexcmds Info: \pdf@ifprimitive is available.
Package pdftexcmds Info: \pdfdraftmode found.
Package: pdfescape 2011/11/25 v1.13 Implements pdfTeX's escape features (HO)
Package: bigintcalc 2012/04/08 v1.3 Expandable calculations on big integers (HO
)
Package: bitset 2011/01/30 v1.1 Handle bit-vector datatype (HO)
Package: uniquecounter 2011/01/30 v1.2 Provide unlimited unique counter (HO)
)
Package hobsub Info: Skipping package `hobsub' (already loaded).
Package: letltxmacro 2010/09/02 v1.4 Let assignment for LaTeX macros (HO)
Package: hopatch 2011/06/24 v1.1 Wrapper for package hooks (HO)
Package: xcolor-patch 2011/01/30 xcolor patch
Package: atveryend 2011/06/30 v1.8 Hooks at the very end of document (HO)
Package atveryend Info: \enddocument detected (standard20110627).
Package hobsub Info: Skipping package `atbegshi' (already loaded).
Package: refcount 2011/10/16 v3.4 Data extraction from label references (HO)
Package: hycolor 2011/01/30 v1.7 Color options for hyperref/bookmark (HO)
)
("C:\Program Files (x86)\MiKTeX 2.9\tex\generic\ifxetex\ifxetex.sty"
Package: ifxetex 2010/09/12 v0.6 Provides ifxetex conditional
)
("C:\Program Files (x86)\MiKTeX 2.9\tex\latex\oberdiek\auxhook.sty"
Package: auxhook 2011/03/04 v1.3 Hooks for auxiliary files (HO)
)
("C:\Program Files (x86)\MiKTeX 2.9\tex\latex\oberdiek\kvoptions.sty"
Package: kvoptions 2011/06/30 v3.11 Key value format for package options (HO)
)
\@linkdim=\dimen163
\Hy@linkcounter=\count123
\Hy@pagecounter=\count124

("C:\Program Files (x86)\MiKTeX 2.9\tex\latex\hyperref\pd1enc.def"
File: pd1enc.def 2012/11/06 v6.83m Hyperref: PDFDocEncoding definition (HO)
)
\Hy@SavedSpaceFactor=\count125

("C:\Program Files (x86)\MiKTeX 2.9\tex\latex\00miktex\hyperref.cfg"
File: hyperref.cfg 2002/06/06 v1.2 hyperref configuration of TeXLive
)
Package hyperref Info: Hyper figures OFF on input line 4443.
Package hyperref Info: Link nesting OFF on input line 4448.
Package hyperref Info: Hyper index ON on input line 4451.
Package hyperref Info: Plain pages OFF on input line 4458.
Package hyperref Info: Backreferencing OFF on input line 4463.
Package hyperref Info: Implicit mode ON; LaTeX internals redefined.
Package hyperref Info: Bookmarks ON on input line 4688.
\c@Hy@tempcnt=\count126

("C:\Program Files (x86)\MiKTeX 2.9\tex\latex\url\url.sty"
\Urlmuskip=\muskip11
Package: url 2013/09/16  ver 3.4  Verb mode for urls, etc.
)
LaTeX Info: Redefining \url on input line 5041.
\XeTeXLinkMargin=\dimen164
\Fld@menulength=\count127
\Field@Width=\dimen165
\Fld@charsize=\dimen166
Package hyperref Info: Hyper figures OFF on input line 6295.
Package hyperref Info: Link nesting OFF on input line 6300.
Package hyperref Info: Hyper index ON on input line 6303.
Package hyperref Info: backreferencing OFF on input line 6310.
Package hyperref Info: Link coloring OFF on input line 6315.
Package hyperref Info: Link coloring with OCG OFF on input line 6320.
Package hyperref Info: PDF/A mode OFF on input line 6325.
LaTeX Info: Redefining \ref on input line 6365.
LaTeX Info: Redefining \pageref on input line 6369.
\Hy@abspage=\count128
\c@Item=\count129
\c@Hfootnote=\count130
)

Package hyperref Message: Driver (autodetected): hpdftex.

("C:\Program Files (x86)\MiKTeX 2.9\tex\latex\hyperref\hpdftex.def"
File: hpdftex.def 2012/11/06 v6.83m Hyperref driver for pdfTeX
\Fld@listcount=\count131
\c@bookmark@seq@number=\count132

("C:\Program Files (x86)\MiKTeX 2.9\tex\latex\oberdiek\rerunfilecheck.sty"
Package: rerunfilecheck 2011/04/15 v1.7 Rerun checks for auxiliary files (HO)
Package uniquecounter Info: New unique counter `rerunfilecheck' on input line 2
82.
)
\Hy@SectionHShift=\skip49
)
("C:\Program Files (x86)\MiKTeX 2.9\tex\latex\mathtools\empheq.sty"
Package: empheq 2014/07/16 v2.14 Emphasizing equations

("C:\Program Files (x86)\MiKTeX 2.9\tex\latex\mathtools\mhsetup.sty"
Package: mhsetup 2010/01/21 v1.2a programming setup (MH)
)
("C:\Program Files (x86)\MiKTeX 2.9\tex\latex\mathtools\mathtools.sty"
Package: mathtools 2014/07/16 v1.15 mathematical typesetting tools
LaTeX Info: Thecontrolsequence`\['isalreadyrobust on input line 129.
LaTeX Info: Thecontrolsequence`\]'isalreadyrobust on input line 129.
\g_MT_multlinerow_int=\count133
\l_MT_multwidth_dim=\dimen167
\origjot=\skip50
\l_MT_shortvdotswithinadjustabove_dim=\dimen168
\l_MT_shortvdotswithinadjustbelow_dim=\dimen169
\l_MT_above_intertext_sep=\dimen170
\l_MT_below_intertext_sep=\dimen171
\l_MT_above_shortintertext_sep=\dimen172
\l_MT_below_shortintertext_sep=\dimen173
)
\l_EQ_equationtype_int=\count134
\l_EQ_alignmentmode_int=\count135
\l_EQ_totalwidth_dim=\dimen174
\l_EQ_displaywidth_dim=\dimen175
\l_EQ_temp_linewidth_dim=\dimen176
\EmphEqdelimitershortfall=\dimen177
\EmphEqdelimiterfactor=\count136
\g_EQ_toptag_height_dim=\dimen178
\g_EQ_bottomtag_depth_dim=\dimen179
\g_EQ_toprow_height_dim=\dimen180
\g_EQ_bottomrow_depth_dim=\dimen181
\g_EQ_widesttag_dim=\dimen182
\EQ_mathdisplay_box=\box41
\EQ_tag_box=\box42
\g_EQ_temprow_int=\count137
)
("C:\Program Files (x86)\MiKTeX 2.9\tex\latex\fancyhdr\fancyhdr.sty"
\fancy@headwidth=\skip51
\f@ncyO@elh=\skip52
\f@ncyO@erh=\skip53
\f@ncyO@olh=\skip54
\f@ncyO@orh=\skip55
\f@ncyO@elf=\skip56
\f@ncyO@erf=\skip57
\f@ncyO@olf=\skip58
\f@ncyO@orf=\skip59
)
("C:\Program Files (x86)\MiKTeX 2.9\tex\latex\base\textcomp.sty"
Package: textcomp 2005/09/27 v1.99g Standard LaTeX package
Package textcomp Info: Sub-encoding information:
(textcomp)               5 = only ISO-Adobe without \textcurrency
(textcomp)               4 = 5 + \texteuro
(textcomp)               3 = 4 + \textohm
(textcomp)               2 = 3 + \textestimated + \textcurrency
(textcomp)               1 = TS1 - \textcircled - \t
(textcomp)               0 = TS1 (full)
(textcomp)             Font families with sub-encoding setting implement
(textcomp)             only a restricted character set as indicated.
(textcomp)             Family '?' is the default used for unknown fonts.
(textcomp)             See the documentation for details.
Package textcomp Info: Setting ? sub-encoding to TS1/1 on input line 71.

("C:\Program Files (x86)\MiKTeX 2.9\tex\latex\base\ts1enc.def"
File: ts1enc.def 2001/06/05 v3.0e (jk/car/fm) Standard LaTeX file
)
LaTeX Info: Redefining \oldstylenums on input line 266.
Package textcomp Info: Setting cmr sub-encoding to TS1/0 on input line 281.
Package textcomp Info: Setting cmss sub-encoding to TS1/0 on input line 282.
Package textcomp Info: Setting cmtt sub-encoding to TS1/0 on input line 283.
Package textcomp Info: Setting cmvtt sub-encoding to TS1/0 on input line 284.
Package textcomp Info: Setting cmbr sub-encoding to TS1/0 on input line 285.
Package textcomp Info: Setting cmtl sub-encoding to TS1/0 on input line 286.
Package textcomp Info: Setting ccr sub-encoding to TS1/0 on input line 287.
Package textcomp Info: Setting ptm sub-encoding to TS1/4 on input line 288.
Package textcomp Info: Setting pcr sub-encoding to TS1/4 on input line 289.
Package textcomp Info: Setting phv sub-encoding to TS1/4 on input line 290.
Package textcomp Info: Setting ppl sub-encoding to TS1/3 on input line 291.
Package textcomp Info: Setting pag sub-encoding to TS1/4 on input line 292.
Package textcomp Info: Setting pbk sub-encoding to TS1/4 on input line 293.
Package textcomp Info: Setting pnc sub-encoding to TS1/4 on input line 294.
Package textcomp Info: Setting pzc sub-encoding to TS1/4 on input line 295.
Package textcomp Info: Setting bch sub-encoding to TS1/4 on input line 296.
Package textcomp Info: Setting put sub-encoding to TS1/5 on input line 297.
Package textcomp Info: Setting uag sub-encoding to TS1/5 on input line 298.
Package textcomp Info: Setting ugq sub-encoding to TS1/5 on input line 299.
Package textcomp Info: Setting ul8 sub-encoding to TS1/4 on input line 300.
Package textcomp Info: Setting ul9 sub-encoding to TS1/4 on input line 301.
Package textcomp Info: Setting augie sub-encoding to TS1/5 on input line 302.
Package textcomp Info: Setting dayrom sub-encoding to TS1/3 on input line 303.
Package textcomp Info: Setting dayroms sub-encoding to TS1/3 on input line 304.

Package textcomp Info: Setting pxr sub-encoding to TS1/0 on input line 305.
Package textcomp Info: Setting pxss sub-encoding to TS1/0 on input line 306.
Package textcomp Info: Setting pxtt sub-encoding to TS1/0 on input line 307.
Package textcomp Info: Setting txr sub-encoding to TS1/0 on input line 308.
Package textcomp Info: Setting txss sub-encoding to TS1/0 on input line 309.
Package textcomp Info: Setting txtt sub-encoding to TS1/0 on input line 310.
Package textcomp Info: Setting lmr sub-encoding to TS1/0 on input line 311.
Package textcomp Info: Setting lmdh sub-encoding to TS1/0 on input line 312.
Package textcomp Info: Setting lmss sub-encoding to TS1/0 on input line 313.
Package textcomp Info: Setting lmssq sub-encoding to TS1/0 on input line 314.
Package textcomp Info: Setting lmvtt sub-encoding to TS1/0 on input line 315.
Package textcomp Info: Setting qhv sub-encoding to TS1/0 on input line 316.
Package textcomp Info: Setting qag sub-encoding to TS1/0 on input line 317.
Package textcomp Info: Setting qbk sub-encoding to TS1/0 on input line 318.
Package textcomp Info: Setting qcr sub-encoding to TS1/0 on input line 319.
Package textcomp Info: Setting qcs sub-encoding to TS1/0 on input line 320.
Package textcomp Info: Setting qpl sub-encoding to TS1/0 on input line 321.
Package textcomp Info: Setting qtm sub-encoding to TS1/0 on input line 322.
Package textcomp Info: Setting qzc sub-encoding to TS1/0 on input line 323.
Package textcomp Info: Setting qhvc sub-encoding to TS1/0 on input line 324.
Package textcomp Info: Setting futs sub-encoding to TS1/4 on input line 325.
Package textcomp Info: Setting futx sub-encoding to TS1/4 on input line 326.
Package textcomp Info: Setting futj sub-encoding to TS1/4 on input line 327.
Package textcomp Info: Setting hlh sub-encoding to TS1/3 on input line 328.
Package textcomp Info: Setting hls sub-encoding to TS1/3 on input line 329.
Package textcomp Info: Setting hlst sub-encoding to TS1/3 on input line 330.
Package textcomp Info: Setting hlct sub-encoding to TS1/5 on input line 331.
Package textcomp Info: Setting hlx sub-encoding to TS1/5 on input line 332.
Package textcomp Info: Setting hlce sub-encoding to TS1/5 on input line 333.
Package textcomp Info: Setting hlcn sub-encoding to TS1/5 on input line 334.
Package textcomp Info: Setting hlcw sub-encoding to TS1/5 on input line 335.
Package textcomp Info: Setting hlcf sub-encoding to TS1/5 on input line 336.
Package textcomp Info: Setting pplx sub-encoding to TS1/3 on input line 337.
Package textcomp Info: Setting pplj sub-encoding to TS1/3 on input line 338.
Package textcomp Info: Setting ptmx sub-encoding to TS1/4 on input line 339.
Package textcomp Info: Setting ptmj sub-encoding to TS1/4 on input line 340.
)
("C:\Program Files (x86)\MiKTeX 2.9\tex\latex\placeins\placeins.sty"
Package: placeins 2005/04/18  v 2.2
)
("C:\Users\nfitch\Google Drive\Electronics\Projects\CCM_0001_Unipolar_Stepper_M
otor_Controller\RevA\documentation\build\documentation.aux")
LaTeX Font Info:    Checking defaults for OML/cmm/m/it on input line 39.
LaTeX Font Info:    ... okay on input line 39.
LaTeX Font Info:    Checking defaults for T1/cmr/m/n on input line 39.
LaTeX Font Info:    ... okay on input line 39.
LaTeX Font Info:    Checking defaults for OT1/cmr/m/n on input line 39.
LaTeX Font Info:    ... okay on input line 39.
LaTeX Font Info:    Checking defaults for OMS/cmsy/m/n on input line 39.
LaTeX Font Info:    ... okay on input line 39.
LaTeX Font Info:    Checking defaults for OMX/cmex/m/n on input line 39.
LaTeX Font Info:    ... okay on input line 39.
LaTeX Font Info:    Checking defaults for U/cmr/m/n on input line 39.
LaTeX Font Info:    ... okay on input line 39.
LaTeX Font Info:    Checking defaults for PD1/pdf/m/n on input line 39.
LaTeX Font Info:    ... okay on input line 39.
LaTeX Font Info:    Checking defaults for TS1/cmr/m/n on input line 39.
LaTeX Font Info:    Try loading font information for TS1+cmr on input line 39.

("C:\Program Files (x86)\MiKTeX 2.9\tex\latex\base\ts1cmr.fd"
File: ts1cmr.fd 2014/09/29 v2.5h Standard LaTeX font definitions
)
LaTeX Font Info:    ... okay on input line 39.

("C:\Program Files (x86)\MiKTeX 2.9\tex\context\base\supp-pdf.mkii"
[Loading MPS to PDF converter (version 2006.09.02).]
\scratchcounter=\count138
\scratchdimen=\dimen183
\scratchbox=\box43
\nofMPsegments=\count139
\nofMParguments=\count140
\everyMPshowfont=\toks33
\MPscratchCnt=\count141
\MPscratchDim=\dimen184
\MPnumerator=\count142
\makeMPintoPDFobject=\count143
\everyMPtoPDFconversion=\toks34
) ABD: EveryShipout initializing macros
\AtBeginShipoutBox=\box44
Package hyperref Info: Link coloring OFF on input line 39.

("C:\Program Files (x86)\MiKTeX 2.9\tex\latex\hyperref\nameref.sty"
Package: nameref 2012/10/27 v2.43 Cross-referencing by name of section

("C:\Program Files (x86)\MiKTeX 2.9\tex\generic\oberdiek\gettitlestring.sty"
Package: gettitlestring 2010/12/03 v1.4 Cleanup title references (HO)
)
\c@section@level=\count144
)
LaTeX Info: Redefining \ref on input line 39.
LaTeX Info: Redefining \pageref on input line 39.
LaTeX Info: Redefining \nameref on input line 39.

("C:\Users\nfitch\Google Drive\Electronics\Projects\CCM_0001_Unipolar_Stepper_M
otor_Controller\RevA\documentation\build\documentation.out")
("C:\Users\nfitch\Google Drive\Electronics\Projects\CCM_0001_Unipolar_Stepper_M
otor_Controller\RevA\documentation\build\documentation.out")
\@outlinefile=\write4

("C:\Users\nfitch\Google Drive\Electronics\Projects\CCM_0001_Unipolar_Stepper_M
otor_Controller\RevA\documentation\title.tex"
<Figures/Built_Box2.jpg, id=226, 1877.0125pt x 1418.29875pt>
File: Figures/Built_Box2.jpg Graphic file (type jpg)

<use Figures/Built_Box2.jpg>
Package pdftex.def Info: Figures/Built_Box2.jpg used on input line 18.
(pdftex.def)             Requested size: 345.0pt x 260.67148pt.
 [1

{C:/ProgramData/MiKTeX/2.9/pdftex/config/pdftex.map} <C:/Users/nfitch/Google Dr
ive/Electronics/Projects/CCM_0001_Unipolar_Stepper_Motor_Controller/RevA/docume
ntation/Figures/Built_Box2.jpg>])
("C:\Users\nfitch\Google Drive\Electronics\Projects\CCM_0001_Unipolar_Stepper_M
otor_Controller\RevA\documentation\build\documentation.toc"
LaTeX Font Info:    Try loading font information for U+msa on input line 2.

("C:\Program Files (x86)\MiKTeX 2.9\tex\latex\amsfonts\umsa.fd"
File: umsa.fd 2013/01/14 v3.01 AMS symbols A
)
LaTeX Font Info:    Try loading font information for U+msb on input line 2.

("C:\Program Files (x86)\MiKTeX 2.9\tex\latex\amsfonts\umsb.fd"
File: umsb.fd 2013/01/14 v3.01 AMS symbols B
)pdfTeX warning (ext4): destination with the same identifier (name{page.1}) has
 been already used, duplicate ignored
<to be read again> 
                   \relax 
l.44 ...ing ``Off'' Mode}{17}{subsubsection.3.2.1}
                                                   [1])
\tf@toc=\write5
 [2] [3] [4]
<Figures/GUI_Basic_Operation.png, id=322, 727.21687pt x 677.53125pt>
File: Figures/GUI_Basic_Operation.png Graphic file (type png)

<use Figures/GUI_Basic_Operation.png>
Package pdftex.def Info: Figures/GUI_Basic_Operation.png used on input line 101
.
(pdftex.def)             Requested size: 345.0pt x 321.43782pt.
 [5]
<Figures/GUI_Advanced_Operation.png, id=330, 726.46407pt x 677.53125pt>
File: Figures/GUI_Advanced_Operation.png Graphic file (type png)

<use Figures/GUI_Advanced_Operation.png>
Package pdftex.def Info: Figures/GUI_Advanced_Operation.png used on input line 
115.
(pdftex.def)             Requested size: 345.0pt x 321.76865pt.
 [6 <C:/Users/nfitch/Google Drive/Electronics/Projects/CCM_0001_Unipolar_Steppe
r_Motor_Controller/RevA/documentation/Figures/GUI_Basic_Operation.png>] [7 <C:/
Users/nfitch/Google Drive/Electronics/Projects/CCM_0001_Unipolar_Stepper_Motor_
Controller/RevA/documentation/Figures/GUI_Advanced_Operation.png>]
Overfull \hbox (36.49136pt too wide) in paragraph at lines 133--134
\OT1/cmr/m/n/10 time. The cur-rent time is mon-i-tored un-til a match is de-tec
ted for hours/minutes/seconds,
 []


Overfull \hbox (10.195pt too wide) in paragraph at lines 139--140
\OT1/cmr/m/n/10 The cur-rent time is mon-i-tored un-til a match is de-tected fo
r hours/minutes/seconds,
 []

[8] [9] <Figures/Terminal.png, id=356, 184.43906pt x 440.39531pt>
File: Figures/Terminal.png Graphic file (type png)

<use Figures/Terminal.png>
Package pdftex.def Info: Figures/Terminal.png used on input line 192.
(pdftex.def)             Requested size: 172.5pt x 411.88847pt.
 [10] [11 <C:/Users/nfitch/Google Drive/Electronics/Projects/CCM_0001_Unipolar_
Stepper_Motor_Controller/RevA/documentation/Figures/Terminal.png>] [12pdfTeX wa
rning (ext4): destination with the same identifier (name{equation.3.1}) has bee
n already used, duplicate ignored

\@EveryShipout@Output ...@Org@Shipout \box \@cclv 
                                                  
l.339 \exchange{save}{}
                       ]pdfTeX warning (ext4): destination with the same identi
fier (name{equation.3.1}) has been already used, duplicate ignored
<to be read again> 
                   \relax 
l.339 \exchange{save}{}
                       pdfTeX warning (ext4): destination with the same identif
ier (name{equation.3.1}) has been already used, duplicate ignored
<to be read again> 
                   \relax 
l.339 \exchange{save}{}
                       pdfTeX warning (ext4): destination with the same identif
ier (name{equation.3.1}) has been already used, duplicate ignored
<to be read again> 
                   \relax 
l.339 \exchange{save}{}
                       pdfTeX warning (ext4): destination with the same identif
ier (name{equation.3.1}) has been already used, duplicate ignored
<to be read again> 
                   \relax 
l.339 \exchange{save}{}
                       pdfTeX warning (ext4): destination with the same identif
ier (name{equation.3.1}) has been already used, duplicate ignored
<to be read again> 
                   \relax 
l.346 \exchange{home}{}
                       pdfTeX warning (ext4): destination with the same identif
ier (name{equation.3.1}) has been already used, duplicate ignored
<to be read again> 
                   \relax 
l.346 \exchange{home}{}
                       pdfTeX warning (ext4): destination with the same identif
ier (name{equation.3.1}) has been already used, duplicate ignored
<to be read again> 
                   \relax 
l.346 \exchange{home}{}
                       pdfTeX warning (ext4): destination with the same identif
ier (name{equation.3.1}) has been already used, duplicate ignored
<to be read again> 
                   \relax 
l.346 \exchange{home}{}
                       pdfTeX warning (ext4): destination with the same identif
ier (name{equation.3.1}) has been already used, duplicate ignored
<to be read again> 
                   \relax 
l.353 \exchange{reboot}{}
                         pdfTeX warning (ext4): destination with the same ident
ifier (name{equation.3.1}) has been already used, duplicate ignored
<to be read again> 
                   \relax 
l.353 \exchange{reboot}{}
                         pdfTeX warning (ext4): destination with the same ident
ifier (name{equation.3.1}) has been already used, duplicate ignored
<to be read again> 
                   \relax 
l.353 \exchange{reboot}{}
                         pdfTeX warning (ext4): destination with the same ident
ifier (name{equation.3.1}) has been already used, duplicate ignored
<to be read again> 
                   \relax 
l.353 \exchange{reboot}{}
                         pdfTeX warning (ext4): destination with the same ident
ifier (name{equation.3.1}) has been already used, duplicate ignored
<to be read again> 
                   \relax 
l.367 \exchange{move}{-100}
                           pdfTeX warning (ext4): destination with the same ide
ntifier (name{equation.3.1}) has been already used, duplicate ignored
<to be read again> 
                   \relax 
l.367 \exchange{move}{-100}
                           pdfTeX warning (ext4): destination with the same ide
ntifier (name{equation.3.1}) has been already used, duplicate ignored
<to be read again> 
                   \relax 
l.367 \exchange{move}{-100}
                           pdfTeX warning (ext4): destination with the same ide
ntifier (name{equation.3.1}) has been already used, duplicate ignored
<to be read again> 
                   \relax 
l.367 \exchange{move}{-100}
                           pdfTeX warning (ext4): destination with the same ide
ntifier (name{equation.3.1}) has been already used, duplicate ignored
<to be read again> 
                   \relax 
l.374 \exchange{goto}{1000}
                           pdfTeX warning (ext4): destination with the same ide
ntifier (name{equation.3.1}) has been already used, duplicate ignored
<to be read again> 
                   \relax 
l.374 \exchange{goto}{1000}
                           pdfTeX warning (ext4): destination with the same ide
ntifier (name{equation.3.1}) has been already used, duplicate ignored
<to be read again> 
                   \relax 
l.374 \exchange{goto}{1000}
                           pdfTeX warning (ext4): destination with the same ide
ntifier (name{equation.3.1}) has been already used, duplicate ignored
<to be read again> 
                   \relax 
l.374 \exchange{goto}{1000}
                           pdfTeX warning (ext4): destination with the same ide
ntifier (name{equation.3.1}) has been already used, duplicate ignored
<to be read again> 
                   \relax 
l.381 \exchange{max}{10000}
                           pdfTeX warning (ext4): destination with the same ide
ntifier (name{equation.3.1}) has been already used, duplicate ignored
<to be read again> 
                   \relax 
l.381 \exchange{max}{10000}
                           pdfTeX warning (ext4): destination with the same ide
ntifier (name{equation.3.1}) has been already used, duplicate ignored
<to be read again> 
                   \relax 
l.381 \exchange{max}{10000}
                           pdfTeX warning (ext4): destination with the same ide
ntifier (name{equation.3.1}) has been already used, duplicate ignored
<to be read again> 
                   \relax 
l.381 \exchange{max}{10000}
                           pdfTeX warning (ext4): destination with the same ide
ntifier (name{equation.3.1}) has been already used, duplicate ignored
<to be read again> 
                   \relax 
l.388 \exchange{min}{-10000}
                            pdfTeX warning (ext4): destination with the same id
entifier (name{equation.3.1}) has been already used, duplicate ignored
<to be read again> 
                   \relax 
l.388 \exchange{min}{-10000}
                            pdfTeX warning (ext4): destination with the same id
entifier (name{equation.3.1}) has been already used, duplicate ignored
<to be read again> 
                   \relax 
l.388 \exchange{min}{-10000}
                            pdfTeX warning (ext4): destination with the same id
entifier (name{equation.3.1}) has been already used, duplicate ignored
<to be read again> 
                   \relax 
l.388 \exchange{min}{-10000}
                             [13]pdfTeX warning (ext4): destination with the sa
me identifier (name{equation.3.1}) has been already used, duplicate ignored
<to be read again> 
                   \relax 
l.395 \exchange{delay}{10}
                          pdfTeX warning (ext4): destination with the same iden
tifier (name{equation.3.1}) has been already used, duplicate ignored
<to be read again> 
                   \relax 
l.395 \exchange{delay}{10}
                          pdfTeX warning (ext4): destination with the same iden
tifier (name{equation.3.1}) has been already used, duplicate ignored
<to be read again> 
                   \relax 
l.395 \exchange{delay}{10}
                          pdfTeX warning (ext4): destination with the same iden
tifier (name{equation.3.1}) has been already used, duplicate ignored
<to be read again> 
                   \relax 
l.395 \exchange{delay}{10}
                          pdfTeX warning (ext4): destination with the same iden
tifier (name{equation.3.1}) has been already used, duplicate ignored
<to be read again> 
                   \relax 
l.402 \exchange{feedback}{0}
                            pdfTeX warning (ext4): destination with the same id
entifier (name{equation.3.1}) has been already used, duplicate ignored
<to be read again> 
                   \relax 
l.402 \exchange{feedback}{0}
                            pdfTeX warning (ext4): destination with the same id
entifier (name{equation.3.1}) has been already used, duplicate ignored
<to be read again> 
                   \relax 
l.402 \exchange{feedback}{0}
                            pdfTeX warning (ext4): destination with the same id
entifier (name{equation.3.1}) has been already used, duplicate ignored
<to be read again> 
                   \relax 
l.402 \exchange{feedback}{0}
                            pdfTeX warning (ext4): destination with the same id
entifier (name{equation.3.1}) has been already used, duplicate ignored
<to be read again> 
                   \relax 
l.409 \exchange{mode}{1}
                        pdfTeX warning (ext4): destination with the same identi
fier (name{equation.3.1}) has been already used, duplicate ignored
<to be read again> 
                   \relax 
l.409 \exchange{mode}{1}
                        pdfTeX warning (ext4): destination with the same identi
fier (name{equation.3.1}) has been already used, duplicate ignored
<to be read again> 
                   \relax 
l.409 \exchange{mode}{1}
                        pdfTeX warning (ext4): destination with the same identi
fier (name{equation.3.1}) has been already used, duplicate ignored
<to be read again> 
                   \relax 
l.409 \exchange{mode}{1}
                        pdfTeX warning (ext4): destination with the same identi
fier (name{equation.3.1}) has been already used, duplicate ignored
<to be read again> 
                   \relax 
l.436 \exchange{steps}{87}
                          pdfTeX warning (ext4): destination with the same iden
tifier (name{equation.3.1}) has been already used, duplicate ignored
<to be read again> 
                   \relax 
l.436 \exchange{steps}{87}
                          pdfTeX warning (ext4): destination with the same iden
tifier (name{equation.3.1}) has been already used, duplicate ignored
<to be read again> 
                   \relax 
l.436 \exchange{steps}{87}
                          pdfTeX warning (ext4): destination with the same iden
tifier (name{equation.3.1}) has been already used, duplicate ignored
<to be read again> 
                   \relax 
l.436 \exchange{steps}{87}
                           [14]pdfTeX warning (ext4): destination with the same
 identifier (name{equation.3.1}) has been already used, duplicate ignored
<to be read again> 
                   \relax 
l.443 \exchange{triggers}{10}
                             pdfTeX warning (ext4): destination with the same i
dentifier (name{equation.3.1}) has been already used, duplicate ignored
<to be read again> 
                   \relax 
l.443 \exchange{triggers}{10}
                             pdfTeX warning (ext4): destination with the same i
dentifier (name{equation.3.1}) has been already used, duplicate ignored
<to be read again> 
                   \relax 
l.443 \exchange{triggers}{10}
                             pdfTeX warning (ext4): destination with the same i
dentifier (name{equation.3.1}) has been already used, duplicate ignored
<to be read again> 
                   \relax 
l.443 \exchange{triggers}{10}
                             pdfTeX warning (ext4): destination with the same i
dentifier (name{equation.3.1}) has been already used, duplicate ignored
<to be read again> 
                   \relax 
l.450 \exchange{goal}{-145}
                           pdfTeX warning (ext4): destination with the same ide
ntifier (name{equation.3.1}) has been already used, duplicate ignored
<to be read again> 
                   \relax 
l.450 \exchange{goal}{-145}
                           pdfTeX warning (ext4): destination with the same ide
ntifier (name{equation.3.1}) has been already used, duplicate ignored
<to be read again> 
                   \relax 
l.450 \exchange{goal}{-145}
                           pdfTeX warning (ext4): destination with the same ide
ntifier (name{equation.3.1}) has been already used, duplicate ignored
<to be read again> 
                   \relax 
l.450 \exchange{goal}{-145}
                           pdfTeX warning (ext4): destination with the same ide
ntifier (name{equation.3.1}) has been already used, duplicate ignored
<to be read again> 
                   \relax 
l.457 \exchange{hours}{12}
                          pdfTeX warning (ext4): destination with the same iden
tifier (name{equation.3.1}) has been already used, duplicate ignored
<to be read again> 
                   \relax 
l.457 \exchange{hours}{12}
                          pdfTeX warning (ext4): destination with the same iden
tifier (name{equation.3.1}) has been already used, duplicate ignored
<to be read again> 
                   \relax 
l.457 \exchange{hours}{12}
                          pdfTeX warning (ext4): destination with the same iden
tifier (name{equation.3.1}) has been already used, duplicate ignored
<to be read again> 
                   \relax 
l.457 \exchange{hours}{12}
                          pdfTeX warning (ext4): destination with the same iden
tifier (name{equation.3.1}) has been already used, duplicate ignored
<to be read again> 
                   \relax 
l.464 \exchange{minutes}{30}
                            pdfTeX warning (ext4): destination with the same id
entifier (name{equation.3.1}) has been already used, duplicate ignored
<to be read again> 
                   \relax 
l.464 \exchange{minutes}{30}
                            pdfTeX warning (ext4): destination with the same id
entifier (name{equation.3.1}) has been already used, duplicate ignored
<to be read again> 
                   \relax 
l.464 \exchange{minutes}{30}
                            pdfTeX warning (ext4): destination with the same id
entifier (name{equation.3.1}) has been already used, duplicate ignored
<to be read again> 
                   \relax 
l.464 \exchange{minutes}{30}
                            pdfTeX warning (ext4): destination with the same id
entifier (name{equation.3.1}) has been already used, duplicate ignored
<to be read again> 
                   \relax 
l.471 \exchange{seconds}{30}
                            pdfTeX warning (ext4): destination with the same id
entifier (name{equation.3.1}) has been already used, duplicate ignored
<to be read again> 
                   \relax 
l.471 \exchange{seconds}{30}
                            pdfTeX warning (ext4): destination with the same id
entifier (name{equation.3.1}) has been already used, duplicate ignored
<to be read again> 
                   \relax 
l.471 \exchange{seconds}{30}
                            pdfTeX warning (ext4): destination with the same id
entifier (name{equation.3.1}) has been already used, duplicate ignored
<to be read again> 
                   \relax 
l.471 \exchange{seconds}{30}
                            pdfTeX warning (ext4): destination with the same id
entifier (name{equation.3.1}) has been already used, duplicate ignored
<to be read again> 
                   \relax 
l.478 \exchange{dohours}{12}
                            pdfTeX warning (ext4): destination with the same id
entifier (name{equation.3.1}) has been already used, duplicate ignored
<to be read again> 
                   \relax 
l.478 \exchange{dohours}{12}
                            pdfTeX warning (ext4): destination with the same id
entifier (name{equation.3.1}) has been already used, duplicate ignored
<to be read again> 
                   \relax 
l.478 \exchange{dohours}{12}
                            pdfTeX warning (ext4): destination with the same id
entifier (name{equation.3.1}) has been already used, duplicate ignored
<to be read again> 
                   \relax 
l.478 \exchange{dohours}{12}
                            pdfTeX warning (ext4): destination with the same id
entifier (name{equation.3.1}) has been already used, duplicate ignored
<to be read again> 
                   \relax 
l.485 \exchange{dominutes}{30}
                              pdfTeX warning (ext4): destination with the same 
identifier (name{equation.3.1}) has been already used, duplicate ignored
<to be read again> 
                   \relax 
l.485 \exchange{dominutes}{30}
                              pdfTeX warning (ext4): destination with the same 
identifier (name{equation.3.1}) has been already used, duplicate ignored
<to be read again> 
                   \relax 
l.485 \exchange{dominutes}{30}
                              pdfTeX warning (ext4): destination with the same 
identifier (name{equation.3.1}) has been already used, duplicate ignored
<to be read again> 
                   \relax 
l.485 \exchange{dominutes}{30}
                              pdfTeX warning (ext4): destination with the same 
identifier (name{equation.3.1}) has been already used, duplicate ignored
<to be read again> 
                   \relax 
l.492 \exchange{doseconds}{30}
                              pdfTeX warning (ext4): destination with the same 
identifier (name{equation.3.1}) has been already used, duplicate ignored
<to be read again> 
                   \relax 
l.492 \exchange{doseconds}{30}
                              pdfTeX warning (ext4): destination with the same 
identifier (name{equation.3.1}) has been already used, duplicate ignored
<to be read again> 
                   \relax 
l.492 \exchange{doseconds}{30}
                              pdfTeX warning (ext4): destination with the same 
identifier (name{equation.3.1}) has been already used, duplicate ignored
<to be read again> 
                   \relax 
l.492 \exchange{doseconds}{30}
                               [15]pdfTeX warning (ext4): destination with the 
same identifier (name{equation.3.1}) has been already used, duplicate ignored
<to be read again> 
                   \relax 
l.499 \exchange{repeat}{1}
                          pdfTeX warning (ext4): destination with the same iden
tifier (name{equation.3.1}) has been already used, duplicate ignored
<to be read again> 
                   \relax 
l.499 \exchange{repeat}{1}
                          pdfTeX warning (ext4): destination with the same iden
tifier (name{equation.3.1}) has been already used, duplicate ignored
<to be read again> 
                   \relax 
l.499 \exchange{repeat}{1}
                          pdfTeX warning (ext4): destination with the same iden
tifier (name{equation.3.1}) has been already used, duplicate ignored
<to be read again> 
                   \relax 
l.499 \exchange{repeat}{1}
                          pdfTeX warning (ext4): destination with the same iden
tifier (name{equation.3.1}) has been already used, duplicate ignored
<to be read again> 
                   \relax 
l.506 \exchange{rotate}{1}
                          pdfTeX warning (ext4): destination with the same iden
tifier (name{equation.3.1}) has been already used, duplicate ignored
<to be read again> 
                   \relax 
l.506 \exchange{rotate}{1}
                          pdfTeX warning (ext4): destination with the same iden
tifier (name{equation.3.1}) has been already used, duplicate ignored
<to be read again> 
                   \relax 
l.506 \exchange{rotate}{1}
                          pdfTeX warning (ext4): destination with the same iden
tifier (name{equation.3.1}) has been already used, duplicate ignored
<to be read again> 
                   \relax 
l.506 \exchange{rotate}{1}
                          pdfTeX warning (ext4): destination with the same iden
tifier (name{equation.3.1}) has been already used, duplicate ignored
<to be read again> 
                   \relax 
l.513 \exchange{behave}{0}
                          pdfTeX warning (ext4): destination with the same iden
tifier (name{equation.3.1}) has been already used, duplicate ignored
<to be read again> 
                   \relax 
l.513 \exchange{behave}{0}
                          pdfTeX warning (ext4): destination with the same iden
tifier (name{equation.3.1}) has been already used, duplicate ignored
<to be read again> 
                   \relax 
l.513 \exchange{behave}{0}
                          pdfTeX warning (ext4): destination with the same iden
tifier (name{equation.3.1}) has been already used, duplicate ignored
<to be read again> 
                   \relax 
l.513 \exchange{behave}{0}
                           [16] [17] [18] [19] [20] [21]
<Figures/CCM_0001.pdf, id=445, 845.1575pt x 597.23125pt>
File: Figures/CCM_0001.pdf Graphic file (type pdf)

<use Figures/CCM_0001.pdf>
Package pdftex.def Info: Figures/CCM_0001.pdf used on input line 657.
(pdftex.def)             Requested size: 845.15544pt x 597.22978pt.
File: Figures/CCM_0001.pdf Graphic file (type pdf)
 <use Figures/CCM_0001.pdf>
Package pdftex.def Info: Figures/CCM_0001.pdf used on input line 657.
(pdftex.def)             Requested size: 845.15544pt x 597.22978pt.
 [22]
<Figures/CCM_0001.pdf, id=452, page=1, 845.1575pt x 597.23125pt>
File: Figures/CCM_0001.pdf Graphic file (type pdf)

<use Figures/CCM_0001.pdf, page 1>
Package pdftex.def Info: Figures/CCM_0001.pdf, page1 used on input line 657.
(pdftex.def)             Requested size: 845.15544pt x 597.22978pt.
File: Figures/CCM_0001.pdf Graphic file (type pdf)
 <use Figures/CCM_0001.pdf, page 1>
Package pdftex.def Info: Figures/CCM_0001.pdf, page1 used on input line 657.
(pdftex.def)             Requested size: 845.15544pt x 597.22978pt.
File: Figures/CCM_0001.pdf Graphic file (type pdf)

<use Figures/CCM_0001.pdf, page 1>
Package pdftex.def Info: Figures/CCM_0001.pdf, page1 used on input line 657.
(pdftex.def)             Requested size: 845.15544pt x 597.22978pt.
File: Figures/CCM_0001.pdf Graphic file (type pdf)
 <use Figures/CCM_0001.pdf, page 1>
Package pdftex.def Info: Figures/CCM_0001.pdf, page1 used on input line 657.
(pdftex.def)             Requested size: 845.15544pt x 597.22978pt.
File: Figures/CCM_0001.pdf Graphic file (type pdf)

<use Figures/CCM_0001.pdf, page 1>
Package pdftex.def Info: Figures/CCM_0001.pdf, page1 used on input line 657.
(pdftex.def)             Requested size: 845.15544pt x 597.22978pt.
 [23 <C:/Users/nfitch/Google Drive/Electronics/Projects/CCM_0001_Unipolar_Stepp
er_Motor_Controller/RevA/documentation/Figures/CCM_0001.pdf>]
<Figures/CCM_0001.pdf, id=466, page=2, 845.1575pt x 597.23125pt>
File: Figures/CCM_0001.pdf Graphic file (type pdf)

<use Figures/CCM_0001.pdf, page 2>
Package pdftex.def Info: Figures/CCM_0001.pdf, page2 used on input line 657.
(pdftex.def)             Requested size: 845.15544pt x 597.22978pt.
File: Figures/CCM_0001.pdf Graphic file (type pdf)
 <use Figures/CCM_0001.pdf, page 2>
Package pdftex.def Info: Figures/CCM_0001.pdf, page2 used on input line 657.
(pdftex.def)             Requested size: 845.15544pt x 597.22978pt.
File: Figures/CCM_0001.pdf Graphic file (type pdf)

<use Figures/CCM_0001.pdf, page 2>
Package pdftex.def Info: Figures/CCM_0001.pdf, page2 used on input line 657.
(pdftex.def)             Requested size: 845.15544pt x 597.22978pt.
 [24 <C:/Users/nfitch/Google Drive/Electronics/Projects/CCM_0001_Unipolar_Stepp
er_Motor_Controller/RevA/documentation/Figures/CCM_0001.pdf>]
<Figures/CCM_0001.pdf, id=472, page=3, 845.1575pt x 597.23125pt>
File: Figures/CCM_0001.pdf Graphic file (type pdf)

<use Figures/CCM_0001.pdf, page 3>
Package pdftex.def Info: Figures/CCM_0001.pdf, page3 used on input line 657.
(pdftex.def)             Requested size: 845.15544pt x 597.22978pt.
File: Figures/CCM_0001.pdf Graphic file (type pdf)
 <use Figures/CCM_0001.pdf, page 3>
Package pdftex.def Info: Figures/CCM_0001.pdf, page3 used on input line 657.
(pdftex.def)             Requested size: 845.15544pt x 597.22978pt.
File: Figures/CCM_0001.pdf Graphic file (type pdf)

<use Figures/CCM_0001.pdf, page 3>
Package pdftex.def Info: Figures/CCM_0001.pdf, page3 used on input line 657.
(pdftex.def)             Requested size: 845.15544pt x 597.22978pt.
 [25 <C:/Users/nfitch/Google Drive/Electronics/Projects/CCM_0001_Unipolar_Stepp
er_Motor_Controller/RevA/documentation/Figures/CCM_0001.pdf>]
<Figures/CCM_0001.pdf, id=477, page=4, 845.1575pt x 597.23125pt>
File: Figures/CCM_0001.pdf Graphic file (type pdf)

<use Figures/CCM_0001.pdf, page 4>
Package pdftex.def Info: Figures/CCM_0001.pdf, page4 used on input line 657.
(pdftex.def)             Requested size: 845.15544pt x 597.22978pt.
File: Figures/CCM_0001.pdf Graphic file (type pdf)
 <use Figures/CCM_0001.pdf, page 4>
Package pdftex.def Info: Figures/CCM_0001.pdf, page4 used on input line 657.
(pdftex.def)             Requested size: 845.15544pt x 597.22978pt.
File: Figures/CCM_0001.pdf Graphic file (type pdf)

<use Figures/CCM_0001.pdf, page 4>
Package pdftex.def Info: Figures/CCM_0001.pdf, page4 used on input line 657.
(pdftex.def)             Requested size: 845.15544pt x 597.22978pt.
 [26 <C:/Users/nfitch/Google Drive/Electronics/Projects/CCM_0001_Unipolar_Stepp
er_Motor_Controller/RevA/documentation/Figures/CCM_0001.pdf>]
<Figures/CCM_0001.pdf, id=482, page=5, 845.1575pt x 597.23125pt>
File: Figures/CCM_0001.pdf Graphic file (type pdf)

<use Figures/CCM_0001.pdf, page 5>
Package pdftex.def Info: Figures/CCM_0001.pdf, page5 used on input line 657.
(pdftex.def)             Requested size: 845.15544pt x 597.22978pt.
File: Figures/CCM_0001.pdf Graphic file (type pdf)
 <use Figures/CCM_0001.pdf, page 5>
Package pdftex.def Info: Figures/CCM_0001.pdf, page5 used on input line 657.
(pdftex.def)             Requested size: 845.15544pt x 597.22978pt.
File: Figures/CCM_0001.pdf Graphic file (type pdf)

<use Figures/CCM_0001.pdf, page 5>
Package pdftex.def Info: Figures/CCM_0001.pdf, page5 used on input line 657.
(pdftex.def)             Requested size: 845.15544pt x 597.22978pt.
 [27 <C:/Users/nfitch/Google Drive/Electronics/Projects/CCM_0001_Unipolar_Stepp
er_Motor_Controller/RevA/documentation/Figures/CCM_0001.pdf>]
<Figures/CCM_0001.pdf, id=487, page=6, 845.1575pt x 597.23125pt>
File: Figures/CCM_0001.pdf Graphic file (type pdf)

<use Figures/CCM_0001.pdf, page 6>
Package pdftex.def Info: Figures/CCM_0001.pdf, page6 used on input line 657.
(pdftex.def)             Requested size: 845.15544pt x 597.22978pt.
File: Figures/CCM_0001.pdf Graphic file (type pdf)
 <use Figures/CCM_0001.pdf, page 6>
Package pdftex.def Info: Figures/CCM_0001.pdf, page6 used on input line 657.
(pdftex.def)             Requested size: 845.15544pt x 597.22978pt.
File: Figures/CCM_0001.pdf Graphic file (type pdf)

<use Figures/CCM_0001.pdf, page 6>
Package pdftex.def Info: Figures/CCM_0001.pdf, page6 used on input line 657.
(pdftex.def)             Requested size: 845.15544pt x 597.22978pt.
 [28 <C:/Users/nfitch/Google Drive/Electronics/Projects/CCM_0001_Unipolar_Stepp
er_Motor_Controller/RevA/documentation/Figures/CCM_0001.pdf>]
Package atveryend Info: Empty hook `BeforeClearDocument' on input line 659.
Package atveryend Info: Empty hook `AfterLastShipout' on input line 659.

("C:\Users\nfitch\Google Drive\Electronics\Projects\CCM_0001_Unipolar_Stepper_M
otor_Controller\RevA\documentation\build\documentation.aux")
Package atveryend Info: Executing hook `AtVeryEndDocument' on input line 659.
Package atveryend Info: Executing hook `AtEndAfterFileList' on input line 659.
Package rerunfilecheck Info: File `documentation.out' has not changed.
(rerunfilecheck)             Checksum: 7FEA36CE6FA67E87E21DF6A190823F05;4030.
Package atveryend Info: Empty hook `AtVeryVeryEnd' on input line 659.
 ) 
Here is how much of TeX's memory you used:
 17779 strings out of 493705
 330447 string characters out of 3142149
 401682 words of memory out of 3000000
 20675 multiletter control sequences out of 15000+200000
 12031 words of font info for 46 fonts, out of 3000000 for 9000
 1025 hyphenation exceptions out of 8191
 55i,20n,54p,1073b,461s stack positions out of 5000i,500n,10000p,200000b,50000s
<C:/Program Files (x86)/MiKTeX 2.9/fonts/type1/public/amsfonts/cm/cmbx10.pfb>
<C:/Program Files (x86)/MiKTeX 2.9/fonts/type1/public/amsfonts/cm/cmbx12.pfb><C
:/Program Files (x86)/MiKTeX 2.9/fonts/type1/public/amsfonts/cm/cmcsc10.pfb><C:
/Program Files (x86)/MiKTeX 2.9/fonts/type1/public/amsfonts/cm/cmmi10.pfb><C:/P
rogram Files (x86)/MiKTeX 2.9/fonts/type1/public/amsfonts/cm/cmr10.pfb><C:/Prog
ram Files (x86)/MiKTeX 2.9/fonts/type1/public/amsfonts/cm/cmr12.pfb><C:/Program
 Files (x86)/MiKTeX 2.9/fonts/type1/public/amsfonts/cm/cmr6.pfb><C:/Program Fil
es (x86)/MiKTeX 2.9/fonts/type1/public/amsfonts/cm/cmr7.pfb><C:/Program Files (
x86)/MiKTeX 2.9/fonts/type1/public/amsfonts/cm/cmr8.pfb><C:/Program Files (x86)
/MiKTeX 2.9/fonts/type1/public/amsfonts/cm/cmsy10.pfb><C:/Program Files (x86)/M
iKTeX 2.9/fonts/type1/public/amsfonts/cm/cmsy7.pfb><C:/Program Files (x86)/MiKT
eX 2.9/fonts/type1/public/amsfonts/cm/cmti10.pfb><C:/Program Files (x86)/MiKTeX
 2.9/fonts/type1/public/amsfonts/cm/cmti8.pfb><C:/Program Files (x86)/MiKTeX 2.
9/fonts/type1/public/amsfonts/cm/cmtt10.pfb>
Output written on "C:/Users/nfitch/Google Drive/Electronics/Projects/CCM_0001_U
nipolar_Stepper_Motor_Controller/RevA/documentation/build/documentation.pdf" (2
9 pages, 1184547 bytes).
PDF statistics:
 559 PDF objects out of 1000 (max. 8388607)
 102 named destinations out of 1000 (max. 500000)
 518 words of extra memory for PDF output out of 10000 (max. 10000000)

